Host: u0927688@notchpeak2
CPU: Intel(R) Xeon(R) Gold 6130 CPU @ 2.10GHz
GCC ver: 6.4.0
Job ID:
Num cores:
Device: 0
  Name: GeForce GT 710
  Compute Capability: sm_35
  Multiprocessors: 1
  CUDA Cores: 192
  Concurrent threads: 2048
  GPU clock: 954 MHz
  Memory clock: 800 MHz
  Total Memory: 981 MiB
  Free Memory: 527 MiB
Thu Nov 19 15:09:14 2020       
+-----------------------------------------------------------------------------+
| NVIDIA-SMI 418.87.00    Driver Version: 418.87.00    CUDA Version: 10.1     |
|-------------------------------+----------------------+----------------------+
| GPU  Name        Persistence-M| Bus-Id        Disp.A | Volatile Uncorr. ECC |
| Fan  Temp  Perf  Pwr:Usage/Cap|         Memory-Usage | GPU-Util  Compute M. |
|===============================+======================+======================|
|   0  GeForce GT 710      Off  | 00000000:86:00.0 N/A |                  N/A |
| 50%   48C    P0    N/A /  N/A |    434MiB /   981MiB |     N/A      Default |
+-------------------------------+----------------------+----------------------+
                                                                               
+-----------------------------------------------------------------------------+
| Processes:                                                       GPU Memory |
|  GPU       PID   Type   Process name                             Usage      |
|=============================================================================|
|    0                    Not Supported                                       |
+-----------------------------------------------------------------------------+
